<?xml version="1.0" encoding="UTF-8"?>
<!-- Generated by org.testng.reporters.JUnitReportReporter -->
<testsuite skipped="0" hostname="LAP000470" name="Demo.Demo.TestList" tests="1" failures="0" timestamp="2021-07-30T16:30:10 IST" time="38.942" errors="0">
  <testcase name="Verify_Product_Details" time="38.942" classname="Demo.Demo.TestList"/>
  <system-out>
STEP3 STEP4 STEP5 STEP6 STEP7 STEP8 STEP9 STEP10 STEP11 STEP12 STEP13 STEP14 STEP15 STEP16 STEP17 STEP18 STEP19 STEP20 STEP21 STEP22 STEP23 STEP24 STEP25 STEP26 STEP27 STEP28 STEP29 STEP30 STEP31 STEP32 STEP33 STEP34 STEP35 STEP36 STEP37 STEP38 STEP39 STEP40 STEP41 STEP42 STEP43 STEP44 STEP45 STEP46 STEP47 STEP48 STEP49 STEP50 STEP51 STEP52 STEP53 STEP54 STEP55 STEP56 STEP57 STEP58 STEP59 STEP60 STEP61  </system-out>
</testsuite> <!-- Demo.Demo.TestList -->
